{"level":"info","message":"Database connection pool established","service":"backend-api","timestamp":"2026-03-11 22:23:29"}
{"level":"info","message":"POST /api/auth/register","service":"backend-api","timestamp":"2026-03-11 22:23:29"}
{"level":"info","message":"User registered successfully: testuser1","service":"backend-api","timestamp":"2026-03-11 22:23:29"}
{"level":"info","message":"POST /api/auth/register","service":"backend-api","timestamp":"2026-03-11 22:23:29"}
{"level":"warn","message":"Registration attempt failed: Duplicate username/email - testuser1","service":"backend-api","timestamp":"2026-03-11 22:23:29"}
{"level":"info","message":"POST /api/auth/login","service":"backend-api","timestamp":"2026-03-11 22:23:29"}
{"level":"info","message":"Database connection pool established","service":"backend-api","timestamp":"2026-03-11 22:23:29"}
{"level":"info","message":"User logged in: admin","service":"backend-api","timestamp":"2026-03-11 22:23:29"}
{"level":"info","message":"POST /api/auth/login","service":"backend-api","timestamp":"2026-03-11 22:23:29"}
{"level":"warn","message":"Login failed: Invalid password - admin","service":"backend-api","timestamp":"2026-03-11 22:23:29"}
{"level":"info","message":"POST /api/products","service":"backend-api","timestamp":"2026-03-11 22:23:29"}
{"level":"info","message":"Product created by admin 17: Test Product","service":"backend-api","timestamp":"2026-03-11 22:23:29"}
{"level":"info","message":"POST /api/products","service":"backend-api","timestamp":"2026-03-11 22:23:29"}
{"level":"warn","message":"Unauthorized Admin Access Attempt by user 2","service":"backend-api","timestamp":"2026-03-11 22:23:29"}
{"level":"info","message":"POST /api/cart","service":"backend-api","timestamp":"2026-03-11 22:23:29"}
{"level":"info","message":"GET /api/cart","service":"backend-api","timestamp":"2026-03-11 22:23:29"}
{"level":"info","message":"POST /api/orders/checkout","service":"backend-api","timestamp":"2026-03-11 22:23:29"}
{"level":"info","message":"Checkout successful for user 17","service":"backend-api","timestamp":"2026-03-11 22:23:29"}
{"level":"info","message":"GET /api/cart","service":"backend-api","timestamp":"2026-03-11 22:23:29"}
{"level":"info","message":"POST /api/blogs","service":"backend-api","timestamp":"2026-03-11 22:23:29"}
{"level":"info","message":"Blog post created: Jest Test Blog","service":"backend-api","timestamp":"2026-03-11 22:23:29"}
{"level":"info","message":"POST /api/blogs/4/like","service":"backend-api","timestamp":"2026-03-11 22:23:29"}
{"level":"info","message":"POST /api/blogs/4/comments","service":"backend-api","timestamp":"2026-03-11 22:23:29"}
{"level":"info","message":"GET /api/users","service":"backend-api","timestamp":"2026-03-11 22:23:29"}
{"level":"error","message":"JWT Verification Error: jwt malformed","service":"backend-api","timestamp":"2026-03-11 22:23:29","token_provided":true}
{"level":"info","message":"GET /api/users","service":"backend-api","timestamp":"2026-03-11 22:23:29"}
{"level":"warn","message":"Auth failed: No token provided for GET /api/users","service":"backend-api","timestamp":"2026-03-11 22:23:29"}
{"level":"info","message":"Database connection pool established","service":"backend-api","timestamp":"2026-03-11 23:02:12"}
{"level":"info","message":"Starting database seeding...","service":"backend-api","timestamp":"2026-03-11 23:02:12"}
{"level":"info","message":"Admin user and Cart created successfully.","service":"backend-api","timestamp":"2026-03-11 23:02:12"}
{"level":"info","message":"Backend API server started on port 5000 [Mode: development]","service":"backend-api","timestamp":"2026-03-11 23:02:17"}
{"level":"info","message":"GET /api/products","service":"backend-api","timestamp":"2026-03-11 23:04:08"}
{"level":"info","message":"Database connection pool established","service":"backend-api","timestamp":"2026-03-11 23:04:08"}
{"level":"info","message":"GET /api/products","service":"backend-api","timestamp":"2026-03-11 23:04:08"}
{"level":"info","message":"GET /api/blogs","service":"backend-api","timestamp":"2026-03-11 23:04:15"}
{"level":"info","message":"GET /api/blogs","service":"backend-api","timestamp":"2026-03-11 23:04:15"}
{"level":"info","message":"POST /api/auth/login","service":"backend-api","timestamp":"2026-03-11 23:04:24"}
{"level":"info","message":"User logged in: admin","service":"backend-api","timestamp":"2026-03-11 23:04:24"}
{"level":"info","message":"GET /api/cart","service":"backend-api","timestamp":"2026-03-11 23:04:24"}
{"level":"warn","message":"Auth failed: No token provided for GET /api/cart","service":"backend-api","timestamp":"2026-03-11 23:04:24"}
{"level":"info","message":"GET /api/products","service":"backend-api","timestamp":"2026-03-11 23:04:36"}
{"level":"info","message":"Database connection pool established","service":"backend-api","timestamp":"2026-03-11 23:04:36"}
{"level":"info","message":"GET /api/products","service":"backend-api","timestamp":"2026-03-11 23:04:36"}
{"level":"info","message":"POST /api/auth/login","service":"backend-api","timestamp":"2026-03-11 23:04:44"}
{"level":"info","message":"User logged in: admin","service":"backend-api","timestamp":"2026-03-11 23:04:44"}
{"level":"info","message":"GET /api/cart","service":"backend-api","timestamp":"2026-03-11 23:04:44"}
{"level":"warn","message":"Auth failed: No token provided for GET /api/cart","service":"backend-api","timestamp":"2026-03-11 23:04:44"}
{"level":"info","message":"GET /api/products","service":"backend-api","timestamp":"2026-03-11 23:05:36"}
{"level":"info","message":"Database connection pool established","service":"backend-api","timestamp":"2026-03-11 23:05:36"}
{"level":"info","message":"GET /api/products","service":"backend-api","timestamp":"2026-03-11 23:05:36"}
{"level":"info","message":"GET /api/products","service":"backend-api","timestamp":"2026-03-11 23:05:38"}
{"level":"info","message":"GET /api/products","service":"backend-api","timestamp":"2026-03-11 23:05:38"}
{"level":"info","message":"GET /api/products","service":"backend-api","timestamp":"2026-03-11 23:05:49"}
{"level":"info","message":"GET /api/products","service":"backend-api","timestamp":"2026-03-11 23:05:49"}
{"level":"info","message":"Backend API server started on port 5000 [Mode: development]","service":"backend-api","timestamp":"2026-03-11 23:08:19"}
{"level":"info","message":"Backend API server started on port 5000 [Mode: development]","service":"backend-api","timestamp":"2026-03-11 23:08:22"}
{"level":"info","message":"Backend API server started on port 5000 [Mode: development]","service":"backend-api","timestamp":"2026-03-11 23:08:28"}
{"level":"info","message":"Backend API server started on port 5000 [Mode: development]","service":"backend-api","timestamp":"2026-03-11 23:08:30"}
{"level":"info","message":"Backend API server started on port 5000 [Mode: development]","service":"backend-api","timestamp":"2026-03-11 23:08:35"}
{"level":"info","message":"Backend API server started on port 5000 [Mode: development]","service":"backend-api","timestamp":"2026-03-11 23:08:41"}
{"level":"info","message":"Backend API server started on port 5000 [Mode: development]","service":"backend-api","timestamp":"2026-03-11 23:08:42"}
{"level":"info","message":"Backend API server started on port 5000 [Mode: development]","service":"backend-api","timestamp":"2026-03-11 23:08:43"}
{"level":"info","message":"Backend API server started on port 5000 [Mode: development]","service":"backend-api","timestamp":"2026-03-11 23:08:43"}
{"level":"info","message":"Backend API server started on port 5000 [Mode: development]","service":"backend-api","timestamp":"2026-03-11 23:08:43"}
{"level":"info","message":"Backend API server started on port 5000 [Mode: development]","service":"backend-api","timestamp":"2026-03-11 23:08:43"}
{"level":"info","message":"Database connection pool established","service":"backend-api","timestamp":"2026-03-11 23:09:02"}
{"level":"info","message":"Clearing old data...","service":"backend-api","timestamp":"2026-03-11 23:09:02"}
{"level":"info","message":"Seeding Users...","service":"backend-api","timestamp":"2026-03-11 23:09:02"}
{"level":"info","message":"Seeding Products...","service":"backend-api","timestamp":"2026-03-11 23:09:02"}
{"code":"42701","file":"parse_target.c","length":113,"level":"error","line":"1082","message":"❌ Seeding failed: column \"price\" specified more than once","name":"error","position":"36","routine":"checkInsertTargets","service":"backend-api","severity":"ERROR","stack":"error: column \"price\" specified more than once\n    at /home/borov/shop/backend/node_modules/pg/lib/client.js:631:17\n    at process.processTicksAndRejections (node:internal/process/task_queues:105:5)\n    at async seed (/home/borov/shop/backend/seed.js:58:7)","timestamp":"2026-03-11 23:09:02"}
{"level":"info","message":"Database connection pool established","service":"backend-api","timestamp":"2026-03-11 23:09:44"}
{"level":"info","message":"Clearing old data...","service":"backend-api","timestamp":"2026-03-11 23:09:44"}
{"level":"info","message":"Seeding Users...","service":"backend-api","timestamp":"2026-03-11 23:09:44"}
{"level":"info","message":"Seeding Products...","service":"backend-api","timestamp":"2026-03-11 23:09:44"}
{"code":"42601","file":"analyze.c","length":116,"level":"error","line":"1026","message":"❌ Seeding failed: INSERT has more expressions than target columns","name":"error","position":"84","routine":"transformInsertRow","service":"backend-api","severity":"ERROR","stack":"error: INSERT has more expressions than target columns\n    at /home/borov/shop/backend/node_modules/pg/lib/client.js:631:17\n    at process.processTicksAndRejections (node:internal/process/task_queues:105:5)\n    at async seed (/home/borov/shop/backend/seed.js:58:7)","timestamp":"2026-03-11 23:09:44"}
{"level":"info","message":"Database connection pool established","service":"backend-api","timestamp":"2026-03-11 23:12:47"}
{"level":"info","message":"Database fully seeded with real mock data!","service":"backend-api","timestamp":"2026-03-11 23:12:48"}
{"level":"info","message":"Backend API server started on port 5000 [Mode: development]","service":"backend-api","timestamp":"2026-03-11 23:13:36"}
{"level":"info","message":"GET /api/products","service":"backend-api","timestamp":"2026-03-11 23:13:40"}
{"level":"info","message":"Database connection pool established","service":"backend-api","timestamp":"2026-03-11 23:13:40"}
{"level":"info","message":"GET /api/products","service":"backend-api","timestamp":"2026-03-11 23:13:40"}
{"level":"info","message":"GET /api/products","service":"backend-api","timestamp":"2026-03-11 23:15:30"}
{"level":"info","message":"Database connection pool established","service":"backend-api","timestamp":"2026-03-11 23:15:30"}
{"level":"info","message":"GET /api/products","service":"backend-api","timestamp":"2026-03-11 23:15:30"}
{"level":"info","message":"GET /api/products","service":"backend-api","timestamp":"2026-03-11 23:15:35"}
{"level":"info","message":"GET /api/products","service":"backend-api","timestamp":"2026-03-11 23:15:35"}
{"level":"info","message":"GET /api/products","service":"backend-api","timestamp":"2026-03-11 23:15:42"}
{"level":"info","message":"GET /api/products","service":"backend-api","timestamp":"2026-03-11 23:15:42"}
{"level":"info","message":"GET /api/products","service":"backend-api","timestamp":"2026-03-11 23:16:16"}
{"level":"info","message":"Database connection pool established","service":"backend-api","timestamp":"2026-03-11 23:16:16"}
{"level":"info","message":"GET /api/products","service":"backend-api","timestamp":"2026-03-11 23:16:16"}
{"level":"info","message":"GET /api/blogs","service":"backend-api","timestamp":"2026-03-11 23:16:31"}
{"level":"info","message":"Database connection pool established","service":"backend-api","timestamp":"2026-03-11 23:16:31"}
{"level":"info","message":"GET /api/blogs","service":"backend-api","timestamp":"2026-03-11 23:16:31"}
{"level":"info","message":"GET /api/blogs","service":"backend-api","timestamp":"2026-03-11 23:16:46"}
{"level":"info","message":"Database connection pool established","service":"backend-api","timestamp":"2026-03-11 23:16:46"}
{"level":"info","message":"GET /api/blogs","service":"backend-api","timestamp":"2026-03-11 23:16:46"}
{"level":"info","message":"GET /api/products","service":"backend-api","timestamp":"2026-03-11 23:17:33"}
{"level":"info","message":"Database connection pool established","service":"backend-api","timestamp":"2026-03-11 23:17:33"}
{"level":"info","message":"GET /api/products","service":"backend-api","timestamp":"2026-03-11 23:17:33"}
{"level":"info","message":"GET /api/products","service":"backend-api","timestamp":"2026-03-11 23:17:40"}
{"level":"info","message":"GET /api/products","service":"backend-api","timestamp":"2026-03-11 23:17:40"}
{"level":"info","message":"GET /api/products","service":"backend-api","timestamp":"2026-03-11 23:17:42"}
{"level":"info","message":"GET /api/products","service":"backend-api","timestamp":"2026-03-11 23:17:42"}
{"level":"info","message":"GET /api/products","service":"backend-api","timestamp":"2026-03-11 23:17:49"}
{"level":"info","message":"GET /api/products","service":"backend-api","timestamp":"2026-03-11 23:17:49"}
{"level":"info","message":"GET /api/products","service":"backend-api","timestamp":"2026-03-11 23:18:26"}
{"level":"info","message":"Database connection pool established","service":"backend-api","timestamp":"2026-03-11 23:18:26"}
{"level":"info","message":"GET /api/products","service":"backend-api","timestamp":"2026-03-11 23:18:26"}
{"level":"info","message":"GET /api/blogs","service":"backend-api","timestamp":"2026-03-11 23:18:35"}
{"level":"info","message":"GET /api/blogs","service":"backend-api","timestamp":"2026-03-11 23:18:35"}
{"level":"info","message":"GET /api/blogs","service":"backend-api","timestamp":"2026-03-11 23:18:40"}
{"level":"info","message":"GET /api/blogs","service":"backend-api","timestamp":"2026-03-11 23:18:40"}
{"level":"info","message":"GET /api/products","service":"backend-api","timestamp":"2026-03-11 23:19:54"}
{"level":"info","message":"Database connection pool established","service":"backend-api","timestamp":"2026-03-11 23:19:54"}
{"level":"info","message":"GET /api/products","service":"backend-api","timestamp":"2026-03-11 23:19:54"}
{"level":"info","message":"GET /api/products","service":"backend-api","timestamp":"2026-03-11 23:20:04"}
{"level":"info","message":"GET /api/products","service":"backend-api","timestamp":"2026-03-11 23:20:04"}
{"level":"info","message":"GET /api/blogs","service":"backend-api","timestamp":"2026-03-11 23:21:19"}
{"level":"info","message":"Database connection pool established","service":"backend-api","timestamp":"2026-03-11 23:21:19"}
{"level":"info","message":"GET /api/blogs","service":"backend-api","timestamp":"2026-03-11 23:21:19"}
{"level":"info","message":"POST /api/auth/login","service":"backend-api","timestamp":"2026-03-11 23:21:44"}
{"level":"info","message":"Database connection pool established","service":"backend-api","timestamp":"2026-03-11 23:21:44"}
{"level":"info","message":"User logged in: admin","service":"backend-api","timestamp":"2026-03-11 23:21:44"}
{"level":"info","message":"GET /api/cart","service":"backend-api","timestamp":"2026-03-11 23:21:44"}
{"level":"info","message":"POST /api/cart","service":"backend-api","timestamp":"2026-03-11 23:21:47"}
{"level":"info","message":"GET /api/cart","service":"backend-api","timestamp":"2026-03-11 23:21:47"}
{"level":"info","message":"GET /api/blogs","service":"backend-api","timestamp":"2026-03-11 23:21:52"}
{"level":"info","message":"GET /api/blogs","service":"backend-api","timestamp":"2026-03-11 23:21:52"}
{"level":"info","message":"POST /api/blogs/4/comments","service":"backend-api","timestamp":"2026-03-11 23:21:58"}
{"level":"info","message":"GET /api/blogs","service":"backend-api","timestamp":"2026-03-11 23:21:58"}
{"level":"info","message":"POST /api/blogs/4/like","service":"backend-api","timestamp":"2026-03-11 23:21:59"}
{"level":"info","message":"GET /api/blogs","service":"backend-api","timestamp":"2026-03-11 23:21:59"}
{"level":"info","message":"POST /api/orders/checkout","service":"backend-api","timestamp":"2026-03-11 23:22:09"}
{"level":"info","message":"Checkout successful for user 1","service":"backend-api","timestamp":"2026-03-11 23:22:09"}
{"level":"info","message":"GET /api/users","service":"backend-api","timestamp":"2026-03-11 23:22:18"}
{"level":"info","message":"GET /api/blogs","service":"backend-api","timestamp":"2026-03-11 23:22:18"}
{"level":"info","message":"GET /api/categories","service":"backend-api","timestamp":"2026-03-11 23:22:18"}
{"level":"info","message":"GET /api/categories","service":"backend-api","timestamp":"2026-03-11 23:22:18"}
{"level":"info","message":"GET /api/users","service":"backend-api","timestamp":"2026-03-11 23:22:18"}
{"level":"info","message":"Database connection pool established","service":"backend-api","timestamp":"2026-03-11 23:22:18"}
{"level":"info","message":"GET /api/blogs","service":"backend-api","timestamp":"2026-03-11 23:22:18"}
{"level":"info","message":"Backend API server started on port 5000 [Mode: development]","service":"backend-api","timestamp":"2026-03-11 23:25:27"}
{"level":"info","message":"Backend API server started on port 5000 [Mode: development]","service":"backend-api","timestamp":"2026-03-11 23:25:32"}
{"level":"info","message":"Backend API server started on port 5000 [Mode: development]","service":"backend-api","timestamp":"2026-03-11 23:25:34"}
{"level":"info","message":"Backend API server started on port 5000 [Mode: development]","service":"backend-api","timestamp":"2026-03-11 23:25:35"}
{"level":"info","message":"Backend API server started on port 5000 [Mode: development]","service":"backend-api","timestamp":"2026-03-11 23:25:37"}
{"level":"info","message":"Backend API server started on port 5000 [Mode: development]","service":"backend-api","timestamp":"2026-03-11 23:25:42"}
{"level":"info","message":"Backend API server started on port 5000 [Mode: development]","service":"backend-api","timestamp":"2026-03-11 23:25:43"}
{"level":"info","message":"Database connection pool established","service":"backend-api","timestamp":"2026-03-11 23:25:49"}
{"level":"info","message":"Starting comprehensive database seeding...","service":"backend-api","timestamp":"2026-03-11 23:25:49"}
{"level":"info","message":"Seeding categories...","service":"backend-api","timestamp":"2026-03-11 23:25:49"}
{"level":"info","message":"Seeding users...","service":"backend-api","timestamp":"2026-03-11 23:25:49"}
{"level":"info","message":"Seeding carts...","service":"backend-api","timestamp":"2026-03-11 23:25:49"}
{"level":"info","message":"Seeding products...","service":"backend-api","timestamp":"2026-03-11 23:25:49"}
{"level":"info","message":"Seeding cart items...","service":"backend-api","timestamp":"2026-03-11 23:25:49"}
{"level":"info","message":"Seeding blog posts...","service":"backend-api","timestamp":"2026-03-11 23:25:49"}
{"level":"info","message":"Seeding blog comments...","service":"backend-api","timestamp":"2026-03-11 23:25:49"}
{"level":"info","message":"Database successfully seeded with full production-level data!","service":"backend-api","timestamp":"2026-03-11 23:25:49"}
{"level":"info","message":"GET /api/users","service":"backend-api","timestamp":"2026-03-11 23:25:55"}
{"level":"info","message":"GET /api/blogs","service":"backend-api","timestamp":"2026-03-11 23:25:55"}
{"level":"info","message":"GET /api/categories","service":"backend-api","timestamp":"2026-03-11 23:25:55"}
{"level":"info","message":"GET /api/products","service":"backend-api","timestamp":"2026-03-11 23:25:55"}
{"level":"info","message":"GET /api/cart","service":"backend-api","timestamp":"2026-03-11 23:25:55"}
{"level":"info","message":"GET /api/categories","service":"backend-api","timestamp":"2026-03-11 23:25:55"}
{"level":"info","message":"Database connection pool established","service":"backend-api","timestamp":"2026-03-11 23:25:55"}
{"level":"info","message":"Database connection pool established","service":"backend-api","timestamp":"2026-03-11 23:25:55"}
{"level":"info","message":"Database connection pool established","service":"backend-api","timestamp":"2026-03-11 23:25:55"}
{"level":"info","message":"Database connection pool established","service":"backend-api","timestamp":"2026-03-11 23:25:55"}
{"level":"info","message":"GET /api/users","service":"backend-api","timestamp":"2026-03-11 23:25:55"}
{"level":"info","message":"GET /api/products","service":"backend-api","timestamp":"2026-03-11 23:25:55"}
{"level":"info","message":"GET /api/cart","service":"backend-api","timestamp":"2026-03-11 23:25:55"}
{"level":"info","message":"GET /api/blogs","service":"backend-api","timestamp":"2026-03-11 23:25:55"}
{"level":"info","message":"Backend API server started on port 5000 [Mode: development]","service":"backend-api","timestamp":"2026-03-11 23:26:06"}
{"level":"info","message":"GET /api/cart","service":"backend-api","timestamp":"2026-03-11 23:26:13"}
{"level":"info","message":"GET /api/users","service":"backend-api","timestamp":"2026-03-11 23:26:13"}
{"level":"info","message":"GET /api/blogs","service":"backend-api","timestamp":"2026-03-11 23:26:13"}
{"level":"info","message":"GET /api/products","service":"backend-api","timestamp":"2026-03-11 23:26:13"}
{"level":"info","message":"GET /api/categories","service":"backend-api","timestamp":"2026-03-11 23:26:15"}
{"level":"info","message":"GET /api/categories","service":"backend-api","timestamp":"2026-03-11 23:26:15"}
{"level":"info","message":"Database connection pool established","service":"backend-api","timestamp":"2026-03-11 23:26:17"}
{"level":"info","message":"Database connection pool established","service":"backend-api","timestamp":"2026-03-11 23:26:17"}
{"level":"info","message":"GET /api/users","service":"backend-api","timestamp":"2026-03-11 23:26:17"}
{"level":"info","message":"GET /api/products","service":"backend-api","timestamp":"2026-03-11 23:26:17"}
{"level":"info","message":"Database connection pool established","service":"backend-api","timestamp":"2026-03-11 23:26:17"}
{"level":"info","message":"Database connection pool established","service":"backend-api","timestamp":"2026-03-11 23:26:17"}
{"level":"info","message":"GET /api/cart","service":"backend-api","timestamp":"2026-03-11 23:26:17"}
{"level":"info","message":"GET /api/blogs","service":"backend-api","timestamp":"2026-03-11 23:26:17"}
{"level":"info","message":"Backend API server started on port 5000 [Mode: development]","service":"backend-api","timestamp":"2026-03-11 23:27:41"}
{"level":"info","message":"Backend API server started on port 5000 [Mode: development]","service":"backend-api","timestamp":"2026-03-11 23:27:44"}
{"level":"info","message":"Backend API server started on port 5000 [Mode: development]","service":"backend-api","timestamp":"2026-03-11 23:27:44"}
{"level":"info","message":"Backend API server started on port 5000 [Mode: development]","service":"backend-api","timestamp":"2026-03-11 23:27:47"}
{"level":"info","message":"GET /api/users","service":"backend-api","timestamp":"2026-03-11 23:27:54"}
{"level":"info","message":"GET /api/blogs","service":"backend-api","timestamp":"2026-03-11 23:27:54"}
{"level":"info","message":"GET /api/categories","service":"backend-api","timestamp":"2026-03-11 23:27:54"}
{"level":"info","message":"GET /api/products","service":"backend-api","timestamp":"2026-03-11 23:27:54"}
{"level":"info","message":"GET /api/cart","service":"backend-api","timestamp":"2026-03-11 23:27:54"}
{"level":"info","message":"Database connection pool established","service":"backend-api","timestamp":"2026-03-11 23:27:54"}
{"level":"info","message":"Database connection pool established","service":"backend-api","timestamp":"2026-03-11 23:27:54"}
{"level":"info","message":"Database connection pool established","service":"backend-api","timestamp":"2026-03-11 23:27:54"}
{"level":"info","message":"Database connection pool established","service":"backend-api","timestamp":"2026-03-11 23:27:54"}
{"level":"info","message":"Database connection pool established","service":"backend-api","timestamp":"2026-03-11 23:27:54"}
{"level":"info","message":"GET /api/products","service":"backend-api","timestamp":"2026-03-11 23:27:54"}
{"level":"info","message":"GET /api/users","service":"backend-api","timestamp":"2026-03-11 23:27:54"}
{"level":"info","message":"GET /api/cart","service":"backend-api","timestamp":"2026-03-11 23:27:54"}
{"level":"info","message":"GET /api/categories","service":"backend-api","timestamp":"2026-03-11 23:27:54"}
{"level":"info","message":"GET /api/blogs","service":"backend-api","timestamp":"2026-03-11 23:27:54"}
{"level":"info","message":"POST /api/products","service":"backend-api","timestamp":"2026-03-11 23:28:05"}
{"level":"info","message":"New product added: asd","service":"backend-api","timestamp":"2026-03-11 23:28:05"}
{"level":"info","message":"GET /api/products","service":"backend-api","timestamp":"2026-03-11 23:28:05"}
{"level":"info","message":"DELETE /api/products/5","service":"backend-api","timestamp":"2026-03-11 23:28:08"}
{"level":"info","message":"Product 5 deleted","service":"backend-api","timestamp":"2026-03-11 23:28:08"}
{"level":"info","message":"GET /api/products","service":"backend-api","timestamp":"2026-03-11 23:28:08"}
{"level":"info","message":"PUT /api/products/4","service":"backend-api","timestamp":"2026-03-11 23:28:12"}
{"level":"info","message":"Product 4 updated","service":"backend-api","timestamp":"2026-03-11 23:28:12"}
{"level":"info","message":"GET /api/products","service":"backend-api","timestamp":"2026-03-11 23:28:12"}
{"level":"info","message":"PUT /api/users/2/role","service":"backend-api","timestamp":"2026-03-11 23:28:18"}
{"level":"info","message":"User 2 role updated to admin","service":"backend-api","timestamp":"2026-03-11 23:28:18"}
{"level":"info","message":"GET /api/users","service":"backend-api","timestamp":"2026-03-11 23:28:18"}
{"level":"info","message":"PUT /api/users/2/role","service":"backend-api","timestamp":"2026-03-11 23:28:19"}
{"level":"info","message":"User 2 role updated to customer","service":"backend-api","timestamp":"2026-03-11 23:28:19"}
{"level":"info","message":"GET /api/users","service":"backend-api","timestamp":"2026-03-11 23:28:19"}
{"level":"info","message":"GET /api/products","service":"backend-api","timestamp":"2026-03-11 23:30:35"}
{"level":"info","message":"GET /api/cart","service":"backend-api","timestamp":"2026-03-11 23:30:35"}
{"level":"info","message":"Database connection pool established","service":"backend-api","timestamp":"2026-03-11 23:30:35"}
{"level":"info","message":"Database connection pool established","service":"backend-api","timestamp":"2026-03-11 23:30:35"}
{"level":"info","message":"GET /api/products","service":"backend-api","timestamp":"2026-03-11 23:30:35"}
{"level":"info","message":"GET /api/cart","service":"backend-api","timestamp":"2026-03-11 23:30:35"}
{"level":"info","message":"GET /api/blogs","service":"backend-api","timestamp":"2026-03-11 23:31:12"}
{"level":"info","message":"Database connection pool established","service":"backend-api","timestamp":"2026-03-11 23:31:12"}
{"level":"info","message":"GET /api/blogs","service":"backend-api","timestamp":"2026-03-11 23:31:12"}
{"level":"info","message":"POST /api/blogs/2/comments","service":"backend-api","timestamp":"2026-03-11 23:33:20"}
{"level":"info","message":"Database connection pool established","service":"backend-api","timestamp":"2026-03-11 23:33:20"}
{"level":"info","message":"GET /api/blogs","service":"backend-api","timestamp":"2026-03-11 23:33:20"}
{"level":"info","message":"POST /api/blogs/2/comments","service":"backend-api","timestamp":"2026-03-11 23:33:25"}
{"level":"info","message":"GET /api/blogs","service":"backend-api","timestamp":"2026-03-11 23:33:25"}
{"level":"info","message":"GET /api/blogs","service":"backend-api","timestamp":"2026-03-11 23:33:54"}
{"level":"info","message":"GET /api/products","service":"backend-api","timestamp":"2026-03-11 23:33:54"}
{"level":"info","message":"GET /api/cart","service":"backend-api","timestamp":"2026-03-11 23:33:54"}
{"level":"info","message":"Database connection pool established","service":"backend-api","timestamp":"2026-03-11 23:33:54"}
{"level":"info","message":"Database connection pool established","service":"backend-api","timestamp":"2026-03-11 23:33:54"}
{"level":"info","message":"Database connection pool established","service":"backend-api","timestamp":"2026-03-11 23:33:54"}
{"level":"info","message":"GET /api/blogs","service":"backend-api","timestamp":"2026-03-11 23:33:54"}
{"level":"info","message":"GET /api/products","service":"backend-api","timestamp":"2026-03-11 23:33:54"}
{"level":"info","message":"GET /api/cart","service":"backend-api","timestamp":"2026-03-11 23:33:54"}
{"level":"info","message":"GET /api/blogs","service":"backend-api","timestamp":"2026-03-11 23:34:37"}
{"level":"info","message":"GET /api/products","service":"backend-api","timestamp":"2026-03-11 23:34:37"}
{"level":"info","message":"GET /api/cart","service":"backend-api","timestamp":"2026-03-11 23:34:37"}
{"level":"info","message":"Database connection pool established","service":"backend-api","timestamp":"2026-03-11 23:34:37"}
{"level":"info","message":"Database connection pool established","service":"backend-api","timestamp":"2026-03-11 23:34:37"}
{"level":"info","message":"GET /api/products","service":"backend-api","timestamp":"2026-03-11 23:34:37"}
{"level":"info","message":"GET /api/blogs","service":"backend-api","timestamp":"2026-03-11 23:34:37"}
{"level":"info","message":"Database connection pool established","service":"backend-api","timestamp":"2026-03-11 23:34:37"}
{"level":"info","message":"GET /api/cart","service":"backend-api","timestamp":"2026-03-11 23:34:37"}
{"level":"info","message":"GET /api/users","service":"backend-api","timestamp":"2026-03-11 23:35:17"}
{"level":"info","message":"GET /api/blogs","service":"backend-api","timestamp":"2026-03-11 23:35:17"}
{"level":"info","message":"GET /api/categories","service":"backend-api","timestamp":"2026-03-11 23:35:17"}
{"level":"info","message":"Database connection pool established","service":"backend-api","timestamp":"2026-03-11 23:35:17"}
{"level":"info","message":"Database connection pool established","service":"backend-api","timestamp":"2026-03-11 23:35:17"}
{"level":"info","message":"Database connection pool established","service":"backend-api","timestamp":"2026-03-11 23:35:17"}
{"level":"info","message":"GET /api/users","service":"backend-api","timestamp":"2026-03-11 23:35:17"}
{"level":"info","message":"GET /api/categories","service":"backend-api","timestamp":"2026-03-11 23:35:17"}
{"level":"info","message":"GET /api/blogs","service":"backend-api","timestamp":"2026-03-11 23:35:17"}
{"level":"info","message":"GET /api/blogs","service":"backend-api","timestamp":"2026-03-11 23:35:24"}
{"level":"info","message":"GET /api/blogs","service":"backend-api","timestamp":"2026-03-11 23:35:24"}
{"level":"info","message":"GET /api/users","service":"backend-api","timestamp":"2026-03-11 23:35:25"}
{"level":"info","message":"GET /api/blogs","service":"backend-api","timestamp":"2026-03-11 23:35:25"}
{"level":"info","message":"GET /api/categories","service":"backend-api","timestamp":"2026-03-11 23:35:25"}
{"level":"info","message":"GET /api/users","service":"backend-api","timestamp":"2026-03-11 23:35:25"}
{"level":"info","message":"GET /api/categories","service":"backend-api","timestamp":"2026-03-11 23:35:25"}
{"level":"info","message":"GET /api/blogs","service":"backend-api","timestamp":"2026-03-11 23:35:25"}
{"level":"info","message":"GET /api/blogs","service":"backend-api","timestamp":"2026-03-11 23:35:50"}
{"level":"info","message":"Database connection pool established","service":"backend-api","timestamp":"2026-03-11 23:35:50"}
{"level":"info","message":"GET /api/blogs","service":"backend-api","timestamp":"2026-03-11 23:35:50"}
{"level":"info","message":"GET /api/blogs","service":"backend-api","timestamp":"2026-03-11 23:35:56"}
{"level":"info","message":"GET /api/users","service":"backend-api","timestamp":"2026-03-11 23:35:56"}
{"level":"info","message":"GET /api/categories","service":"backend-api","timestamp":"2026-03-11 23:35:56"}
{"level":"info","message":"GET /api/blogs","service":"backend-api","timestamp":"2026-03-11 23:35:56"}
{"level":"info","message":"GET /api/users","service":"backend-api","timestamp":"2026-03-11 23:35:56"}
{"level":"info","message":"Database connection pool established","service":"backend-api","timestamp":"2026-03-11 23:35:56"}
{"level":"info","message":"Database connection pool established","service":"backend-api","timestamp":"2026-03-11 23:35:56"}
{"level":"info","message":"GET /api/categories","service":"backend-api","timestamp":"2026-03-11 23:35:56"}
{"level":"info","message":"GET /api/users","service":"backend-api","timestamp":"2026-03-11 23:36:33"}
{"level":"info","message":"GET /api/blogs","service":"backend-api","timestamp":"2026-03-11 23:36:33"}
{"level":"info","message":"GET /api/categories","service":"backend-api","timestamp":"2026-03-11 23:36:33"}
{"level":"info","message":"Database connection pool established","service":"backend-api","timestamp":"2026-03-11 23:36:33"}
{"level":"info","message":"Database connection pool established","service":"backend-api","timestamp":"2026-03-11 23:36:33"}
{"level":"info","message":"Database connection pool established","service":"backend-api","timestamp":"2026-03-11 23:36:33"}
{"level":"info","message":"GET /api/users","service":"backend-api","timestamp":"2026-03-11 23:36:33"}
{"level":"info","message":"GET /api/categories","service":"backend-api","timestamp":"2026-03-11 23:36:33"}
{"level":"info","message":"GET /api/blogs","service":"backend-api","timestamp":"2026-03-11 23:36:33"}
{"level":"info","message":"GET /api/users","service":"backend-api","timestamp":"2026-03-11 23:36:59"}
{"level":"info","message":"GET /api/blogs","service":"backend-api","timestamp":"2026-03-11 23:36:59"}
{"level":"info","message":"GET /api/categories","service":"backend-api","timestamp":"2026-03-11 23:36:59"}
{"level":"info","message":"Database connection pool established","service":"backend-api","timestamp":"2026-03-11 23:36:59"}
{"level":"info","message":"Database connection pool established","service":"backend-api","timestamp":"2026-03-11 23:36:59"}
{"level":"info","message":"Database connection pool established","service":"backend-api","timestamp":"2026-03-11 23:36:59"}
{"level":"info","message":"GET /api/blogs","service":"backend-api","timestamp":"2026-03-11 23:37:17"}
{"level":"info","message":"Database connection pool established","service":"backend-api","timestamp":"2026-03-11 23:37:17"}
{"level":"info","message":"GET /api/blogs","service":"backend-api","timestamp":"2026-03-11 23:37:17"}
{"level":"info","message":"GET /api/products","service":"backend-api","timestamp":"2026-03-11 23:40:10"}
{"level":"info","message":"GET /api/cart","service":"backend-api","timestamp":"2026-03-11 23:40:10"}
{"level":"info","message":"Database connection pool established","service":"backend-api","timestamp":"2026-03-11 23:40:10"}
{"level":"info","message":"Database connection pool established","service":"backend-api","timestamp":"2026-03-11 23:40:10"}
{"level":"info","message":"GET /api/products","service":"backend-api","timestamp":"2026-03-11 23:40:10"}
{"level":"info","message":"GET /api/cart","service":"backend-api","timestamp":"2026-03-11 23:40:10"}
{"level":"info","message":"GET /api/blogs","service":"backend-api","timestamp":"2026-03-11 23:42:42"}
{"level":"info","message":"Database connection pool established","service":"backend-api","timestamp":"2026-03-11 23:42:42"}
{"level":"info","message":"GET /api/blogs","service":"backend-api","timestamp":"2026-03-11 23:42:42"}
{"level":"info","message":"GET /api/products","service":"backend-api","timestamp":"2026-03-11 23:44:48"}
{"level":"info","message":"GET /api/cart","service":"backend-api","timestamp":"2026-03-11 23:44:48"}
{"level":"info","message":"Database connection pool established","service":"backend-api","timestamp":"2026-03-11 23:44:48"}
{"level":"info","message":"Database connection pool established","service":"backend-api","timestamp":"2026-03-11 23:44:48"}
{"level":"info","message":"GET /api/products","service":"backend-api","timestamp":"2026-03-11 23:44:48"}
{"level":"info","message":"GET /api/cart","service":"backend-api","timestamp":"2026-03-11 23:44:48"}
{"level":"info","message":"GET /api/blogs","service":"backend-api","timestamp":"2026-03-11 23:44:56"}
{"level":"info","message":"GET /api/blogs","service":"backend-api","timestamp":"2026-03-11 23:44:56"}
{"level":"info","message":"POST /api/cart","service":"backend-api","timestamp":"2026-03-11 23:45:15"}
{"level":"info","message":"Database connection pool established","service":"backend-api","timestamp":"2026-03-11 23:45:15"}
{"level":"info","message":"GET /api/cart","service":"backend-api","timestamp":"2026-03-11 23:45:16"}
{"level":"info","message":"GET /api/products","service":"backend-api","timestamp":"2026-03-11 23:47:37"}
{"level":"info","message":"GET /api/cart","service":"backend-api","timestamp":"2026-03-11 23:47:37"}
{"level":"info","message":"Database connection pool established","service":"backend-api","timestamp":"2026-03-11 23:47:37"}
{"level":"info","message":"GET /api/products","service":"backend-api","timestamp":"2026-03-11 23:47:37"}
{"level":"info","message":"Database connection pool established","service":"backend-api","timestamp":"2026-03-11 23:47:37"}
{"level":"info","message":"GET /api/cart","service":"backend-api","timestamp":"2026-03-11 23:47:37"}
{"level":"info","message":"Backend API server started on port 5000 [Mode: development]","service":"backend-api","timestamp":"2026-03-11 23:48:03"}
{"level":"info","message":"Backend API server started on port 5000 [Mode: development]","service":"backend-api","timestamp":"2026-03-11 23:48:04"}
{"level":"info","message":"Backend API server started on port 5000 [Mode: development]","service":"backend-api","timestamp":"2026-03-11 23:48:06"}
{"level":"info","message":"Backend API server started on port 5000 [Mode: development]","service":"backend-api","timestamp":"2026-03-11 23:48:07"}
{"level":"info","message":"Backend API server started on port 5000 [Mode: development]","service":"backend-api","timestamp":"2026-03-11 23:48:11"}
{"level":"info","message":"Backend API server started on port 5000 [Mode: development]","service":"backend-api","timestamp":"2026-03-11 23:48:12"}
{"level":"info","message":"Backend API server started on port 5000 [Mode: development]","service":"backend-api","timestamp":"2026-03-11 23:48:13"}
{"level":"info","message":"Backend API server started on port 5000 [Mode: development]","service":"backend-api","timestamp":"2026-03-11 23:48:14"}
{"level":"info","message":"Backend API server started on port 5000 [Mode: development]","service":"backend-api","timestamp":"2026-03-11 23:48:14"}
{"level":"info","message":"GET /api/products","service":"backend-api","timestamp":"2026-03-11 23:49:07"}
{"level":"info","message":"GET /api/cart","service":"backend-api","timestamp":"2026-03-11 23:49:07"}
{"level":"info","message":"Database connection pool established","service":"backend-api","timestamp":"2026-03-11 23:49:07"}
{"level":"info","message":"Database connection pool established","service":"backend-api","timestamp":"2026-03-11 23:49:07"}
{"level":"info","message":"GET /api/products","service":"backend-api","timestamp":"2026-03-11 23:49:07"}
{"level":"info","message":"GET /api/cart","service":"backend-api","timestamp":"2026-03-11 23:49:07"}
{"level":"info","message":"GET /api/products","service":"backend-api","timestamp":"2026-03-11 23:49:16"}
{"level":"info","message":"GET /api/cart","service":"backend-api","timestamp":"2026-03-11 23:49:16"}
{"level":"info","message":"GET /api/products","service":"backend-api","timestamp":"2026-03-11 23:49:16"}
{"level":"info","message":"GET /api/cart","service":"backend-api","timestamp":"2026-03-11 23:49:16"}
{"level":"info","message":"GET /api/products","service":"backend-api","timestamp":"2026-03-11 23:49:18"}
{"level":"info","message":"GET /api/cart","service":"backend-api","timestamp":"2026-03-11 23:49:18"}
{"level":"info","message":"GET /api/products","service":"backend-api","timestamp":"2026-03-11 23:49:18"}
{"level":"info","message":"GET /api/cart","service":"backend-api","timestamp":"2026-03-11 23:49:18"}
{"level":"info","message":"GET /api/products","service":"backend-api","timestamp":"2026-03-11 23:49:24"}
{"level":"info","message":"GET /api/cart","service":"backend-api","timestamp":"2026-03-11 23:49:24"}
{"level":"info","message":"GET /api/products","service":"backend-api","timestamp":"2026-03-11 23:49:24"}
{"level":"info","message":"GET /api/cart","service":"backend-api","timestamp":"2026-03-11 23:49:24"}
{"level":"info","message":"GET /api/products","service":"backend-api","timestamp":"2026-03-11 23:49:29"}
{"level":"info","message":"GET /api/cart","service":"backend-api","timestamp":"2026-03-11 23:49:29"}
{"level":"info","message":"GET /api/products","service":"backend-api","timestamp":"2026-03-11 23:49:29"}
{"level":"info","message":"GET /api/cart","service":"backend-api","timestamp":"2026-03-11 23:49:29"}
{"level":"info","message":"Database connection pool established","service":"backend-api","timestamp":"2026-03-11 23:49:38"}
{"level":"info","message":"Starting massive database seeding (25+ items)...","service":"backend-api","timestamp":"2026-03-11 23:49:38"}
{"level":"info","message":"Seeding categories...","service":"backend-api","timestamp":"2026-03-11 23:49:38"}
{"level":"info","message":"Injecting 26 premium products...","service":"backend-api","timestamp":"2026-03-11 23:49:38"}
{"level":"info","message":"Database seeded with 26 products across 6 categories.","service":"backend-api","timestamp":"2026-03-11 23:49:38"}
{"level":"info","message":"Backend API server started on port 5000 [Mode: development]","service":"backend-api","timestamp":"2026-03-11 23:49:39"}
{"level":"info","message":"GET /api/products","service":"backend-api","timestamp":"2026-03-11 23:49:42"}
{"level":"info","message":"GET /api/cart","service":"backend-api","timestamp":"2026-03-11 23:49:42"}
{"level":"info","message":"Database connection pool established","service":"backend-api","timestamp":"2026-03-11 23:49:42"}
{"level":"info","message":"Database connection pool established","service":"backend-api","timestamp":"2026-03-11 23:49:42"}
{"level":"info","message":"GET /api/products","service":"backend-api","timestamp":"2026-03-11 23:49:42"}
{"level":"info","message":"GET /api/cart","service":"backend-api","timestamp":"2026-03-11 23:49:42"}
{"level":"info","message":"GET /api/blogs","service":"backend-api","timestamp":"2026-03-11 23:51:36"}
{"level":"info","message":"Database connection pool established","service":"backend-api","timestamp":"2026-03-11 23:51:36"}
{"level":"info","message":"GET /api/blogs","service":"backend-api","timestamp":"2026-03-11 23:51:36"}
{"level":"info","message":"GET /api/blogs","service":"backend-api","timestamp":"2026-03-11 23:51:39"}
{"level":"info","message":"GET /api/blogs","service":"backend-api","timestamp":"2026-03-11 23:51:39"}
{"level":"info","message":"GET /api/users","service":"backend-api","timestamp":"2026-03-11 23:51:39"}
{"level":"info","message":"GET /api/categories","service":"backend-api","timestamp":"2026-03-11 23:51:39"}
{"level":"info","message":"GET /api/users","service":"backend-api","timestamp":"2026-03-11 23:51:39"}
{"level":"info","message":"Database connection pool established","service":"backend-api","timestamp":"2026-03-11 23:51:39"}
{"level":"info","message":"GET /api/categories","service":"backend-api","timestamp":"2026-03-11 23:51:39"}
{"level":"info","message":"POST /api/auth/login","service":"backend-api","timestamp":"2026-03-11 23:51:47"}
{"level":"info","message":"Successful login: user","service":"backend-api","timestamp":"2026-03-11 23:51:47"}
{"level":"info","message":"GET /api/cart","service":"backend-api","timestamp":"2026-03-11 23:51:47"}
{"level":"info","message":"GET /api/blogs","service":"backend-api","timestamp":"2026-03-11 23:51:51"}
{"level":"info","message":"GET /api/blogs","service":"backend-api","timestamp":"2026-03-11 23:51:51"}
{"level":"info","message":"POST /api/cart","service":"backend-api","timestamp":"2026-03-11 23:52:07"}
{"level":"info","message":"Database connection pool established","service":"backend-api","timestamp":"2026-03-11 23:52:07"}
{"level":"info","message":"GET /api/cart","service":"backend-api","timestamp":"2026-03-11 23:52:07"}
{"level":"info","message":"POST /api/cart","service":"backend-api","timestamp":"2026-03-11 23:52:08"}
{"level":"info","message":"GET /api/cart","service":"backend-api","timestamp":"2026-03-11 23:52:08"}
{"level":"info","message":"POST /api/orders/checkout","service":"backend-api","timestamp":"2026-03-11 23:52:14"}
{"level":"info","message":"User 2 completed checkout","service":"backend-api","timestamp":"2026-03-11 23:52:14"}
{"level":"info","message":"GET /api/products","service":"backend-api","timestamp":"2026-03-11 23:53:22"}
{"level":"info","message":"GET /api/cart","service":"backend-api","timestamp":"2026-03-11 23:53:22"}
{"level":"info","message":"Database connection pool established","service":"backend-api","timestamp":"2026-03-11 23:53:22"}
{"level":"info","message":"Database connection pool established","service":"backend-api","timestamp":"2026-03-11 23:53:22"}
{"level":"info","message":"GET /api/products","service":"backend-api","timestamp":"2026-03-11 23:53:22"}
{"level":"info","message":"GET /api/cart","service":"backend-api","timestamp":"2026-03-11 23:53:22"}
{"level":"info","message":"GET /api/products","service":"backend-api","timestamp":"2026-03-11 23:54:04"}
{"level":"info","message":"GET /api/cart","service":"backend-api","timestamp":"2026-03-11 23:54:04"}
{"level":"info","message":"Database connection pool established","service":"backend-api","timestamp":"2026-03-11 23:54:04"}
{"level":"info","message":"Database connection pool established","service":"backend-api","timestamp":"2026-03-11 23:54:04"}
{"level":"info","message":"GET /api/products","service":"backend-api","timestamp":"2026-03-11 23:54:04"}
{"level":"info","message":"GET /api/cart","service":"backend-api","timestamp":"2026-03-11 23:54:04"}
{"level":"info","message":"GET /api/products","service":"backend-api","timestamp":"2026-03-11 23:54:12"}
{"level":"info","message":"GET /api/cart","service":"backend-api","timestamp":"2026-03-11 23:54:12"}
{"level":"info","message":"GET /api/products","service":"backend-api","timestamp":"2026-03-11 23:54:12"}
{"level":"info","message":"GET /api/cart","service":"backend-api","timestamp":"2026-03-11 23:54:12"}
{"level":"info","message":"GET /api/products","service":"backend-api","timestamp":"2026-03-11 23:54:27"}
{"level":"info","message":"GET /api/cart","service":"backend-api","timestamp":"2026-03-11 23:54:27"}
{"level":"info","message":"Database connection pool established","service":"backend-api","timestamp":"2026-03-11 23:54:27"}
{"level":"info","message":"Database connection pool established","service":"backend-api","timestamp":"2026-03-11 23:54:27"}
{"level":"info","message":"GET /api/products","service":"backend-api","timestamp":"2026-03-11 23:54:27"}
{"level":"info","message":"GET /api/cart","service":"backend-api","timestamp":"2026-03-11 23:54:27"}
{"level":"info","message":"GET /api/products","service":"backend-api","timestamp":"2026-03-11 23:56:01"}
{"level":"info","message":"GET /api/cart","service":"backend-api","timestamp":"2026-03-11 23:56:01"}
{"level":"info","message":"Database connection pool established","service":"backend-api","timestamp":"2026-03-11 23:56:01"}
{"level":"info","message":"Database connection pool established","service":"backend-api","timestamp":"2026-03-11 23:56:01"}
{"level":"info","message":"GET /api/products","service":"backend-api","timestamp":"2026-03-11 23:56:01"}
{"level":"info","message":"GET /api/cart","service":"backend-api","timestamp":"2026-03-11 23:56:01"}
{"level":"info","message":"GET /api/products","service":"backend-api","timestamp":"2026-03-11 23:56:04"}
{"level":"info","message":"GET /api/cart","service":"backend-api","timestamp":"2026-03-11 23:56:04"}
{"level":"info","message":"GET /api/products","service":"backend-api","timestamp":"2026-03-11 23:56:04"}
{"level":"info","message":"GET /api/cart","service":"backend-api","timestamp":"2026-03-11 23:56:04"}
{"level":"info","message":"GET /api/products","service":"backend-api","timestamp":"2026-03-11 23:56:12"}
{"level":"info","message":"GET /api/cart","service":"backend-api","timestamp":"2026-03-11 23:56:12"}
{"level":"info","message":"GET /api/products","service":"backend-api","timestamp":"2026-03-11 23:56:12"}
{"level":"info","message":"GET /api/cart","service":"backend-api","timestamp":"2026-03-11 23:56:12"}
{"level":"info","message":"POST /api/cart","service":"backend-api","timestamp":"2026-03-11 23:57:09"}
{"level":"info","message":"Database connection pool established","service":"backend-api","timestamp":"2026-03-11 23:57:09"}
{"level":"info","message":"GET /api/cart","service":"backend-api","timestamp":"2026-03-11 23:57:09"}
{"level":"info","message":"POST /api/cart","service":"backend-api","timestamp":"2026-03-11 23:57:12"}
{"level":"info","message":"GET /api/cart","service":"backend-api","timestamp":"2026-03-11 23:57:12"}
{"level":"info","message":"PUT /api/cart/4","service":"backend-api","timestamp":"2026-03-11 23:57:16"}
{"level":"info","message":"GET /api/cart","service":"backend-api","timestamp":"2026-03-11 23:57:16"}
{"level":"info","message":"PUT /api/cart/4","service":"backend-api","timestamp":"2026-03-11 23:57:17"}
{"level":"info","message":"GET /api/cart","service":"backend-api","timestamp":"2026-03-11 23:57:17"}
{"level":"info","message":"POST /api/orders/checkout","service":"backend-api","timestamp":"2026-03-11 23:57:20"}
{"level":"info","message":"User 2 completed checkout","service":"backend-api","timestamp":"2026-03-11 23:57:20"}
{"level":"info","message":"GET /api/blogs","service":"backend-api","timestamp":"2026-03-11 23:57:25"}
{"level":"info","message":"GET /api/blogs","service":"backend-api","timestamp":"2026-03-11 23:57:25"}
{"level":"info","message":"POST /api/blogs/1/like","service":"backend-api","timestamp":"2026-03-11 23:57:27"}
{"level":"info","message":"GET /api/blogs","service":"backend-api","timestamp":"2026-03-11 23:57:27"}
{"level":"info","message":"POST /api/blogs/2/like","service":"backend-api","timestamp":"2026-03-11 23:57:28"}
{"level":"info","message":"GET /api/blogs","service":"backend-api","timestamp":"2026-03-11 23:57:28"}
{"level":"info","message":"POST /api/blogs/1/like","service":"backend-api","timestamp":"2026-03-11 23:57:29"}
{"level":"info","message":"GET /api/blogs","service":"backend-api","timestamp":"2026-03-11 23:57:29"}
{"level":"info","message":"POST /api/blogs/2/like","service":"backend-api","timestamp":"2026-03-11 23:57:30"}
{"level":"info","message":"GET /api/blogs","service":"backend-api","timestamp":"2026-03-11 23:57:30"}
{"level":"info","message":"POST /api/blogs/2/like","service":"backend-api","timestamp":"2026-03-11 23:57:31"}
{"level":"info","message":"GET /api/blogs","service":"backend-api","timestamp":"2026-03-11 23:57:31"}
{"level":"info","message":"POST /api/blogs/1/like","service":"backend-api","timestamp":"2026-03-11 23:57:33"}
{"level":"info","message":"GET /api/blogs","service":"backend-api","timestamp":"2026-03-11 23:57:33"}
{"level":"info","message":"POST /api/blogs/2/like","service":"backend-api","timestamp":"2026-03-11 23:57:35"}
{"level":"info","message":"GET /api/blogs","service":"backend-api","timestamp":"2026-03-11 23:57:35"}
{"level":"info","message":"POST /api/blogs/1/comments","service":"backend-api","timestamp":"2026-03-11 23:57:41"}
{"level":"info","message":"GET /api/blogs","service":"backend-api","timestamp":"2026-03-11 23:57:41"}
{"level":"info","message":"GET /api/blogs","service":"backend-api","timestamp":"2026-03-11 23:57:49"}
{"level":"info","message":"GET /api/blogs","service":"backend-api","timestamp":"2026-03-11 23:57:49"}
{"level":"info","message":"POST /api/auth/login","service":"backend-api","timestamp":"2026-03-11 23:57:57"}
{"level":"info","message":"Successful login: admin","service":"backend-api","timestamp":"2026-03-11 23:57:57"}
{"level":"info","message":"GET /api/cart","service":"backend-api","timestamp":"2026-03-11 23:57:57"}
{"level":"info","message":"GET /api/users","service":"backend-api","timestamp":"2026-03-11 23:58:05"}
{"level":"info","message":"GET /api/blogs","service":"backend-api","timestamp":"2026-03-11 23:58:05"}
{"level":"info","message":"GET /api/categories","service":"backend-api","timestamp":"2026-03-11 23:58:05"}
{"level":"info","message":"GET /api/users","service":"backend-api","timestamp":"2026-03-11 23:58:05"}
{"level":"info","message":"Database connection pool established","service":"backend-api","timestamp":"2026-03-11 23:58:05"}
{"level":"info","message":"Database connection pool established","service":"backend-api","timestamp":"2026-03-11 23:58:05"}
{"level":"info","message":"GET /api/categories","service":"backend-api","timestamp":"2026-03-11 23:58:05"}
{"level":"info","message":"GET /api/blogs","service":"backend-api","timestamp":"2026-03-11 23:58:05"}
{"level":"info","message":"PUT /api/products/1","service":"backend-api","timestamp":"2026-03-11 23:58:20"}
{"level":"info","message":"Database connection pool established","service":"backend-api","timestamp":"2026-03-11 23:58:20"}
{"level":"info","message":"Product 1 updated","service":"backend-api","timestamp":"2026-03-11 23:58:20"}
{"level":"info","message":"GET /api/products","service":"backend-api","timestamp":"2026-03-11 23:58:21"}
{"level":"info","message":"PUT /api/users/2/role","service":"backend-api","timestamp":"2026-03-11 23:58:50"}
{"level":"info","message":"Database connection pool established","service":"backend-api","timestamp":"2026-03-11 23:58:50"}
{"level":"info","message":"User 2 role updated to admin","service":"backend-api","timestamp":"2026-03-11 23:58:50"}
{"level":"info","message":"GET /api/users","service":"backend-api","timestamp":"2026-03-11 23:58:50"}
{"level":"info","message":"PUT /api/users/2/role","service":"backend-api","timestamp":"2026-03-11 23:58:52"}
{"level":"info","message":"User 2 role updated to customer","service":"backend-api","timestamp":"2026-03-11 23:58:52"}
{"level":"info","message":"GET /api/users","service":"backend-api","timestamp":"2026-03-11 23:58:52"}
{"level":"info","message":"PUT /api/users/2/role","service":"backend-api","timestamp":"2026-03-11 23:58:53"}
{"level":"info","message":"User 2 role updated to admin","service":"backend-api","timestamp":"2026-03-11 23:58:53"}
{"level":"info","message":"GET /api/users","service":"backend-api","timestamp":"2026-03-11 23:58:53"}
{"level":"info","message":"PUT /api/users/2/role","service":"backend-api","timestamp":"2026-03-11 23:58:53"}
{"level":"info","message":"User 2 role updated to customer","service":"backend-api","timestamp":"2026-03-11 23:58:53"}
{"level":"info","message":"GET /api/users","service":"backend-api","timestamp":"2026-03-11 23:58:53"}
{"level":"info","message":"PUT /api/users/2/role","service":"backend-api","timestamp":"2026-03-11 23:58:55"}
{"level":"info","message":"User 2 role updated to admin","service":"backend-api","timestamp":"2026-03-11 23:58:55"}
{"level":"info","message":"GET /api/users","service":"backend-api","timestamp":"2026-03-11 23:58:55"}
{"level":"info","message":"POST /api/blogs","service":"backend-api","timestamp":"2026-03-11 23:58:57"}
{"level":"info","message":"Blog published: asdasda","service":"backend-api","timestamp":"2026-03-11 23:58:57"}
{"level":"info","message":"GET /api/blogs","service":"backend-api","timestamp":"2026-03-11 23:58:57"}
{"level":"info","message":"DELETE /api/blogs/1","service":"backend-api","timestamp":"2026-03-11 23:58:59"}
{"level":"info","message":"Blog 1 deleted","service":"backend-api","timestamp":"2026-03-11 23:58:59"}
{"level":"info","message":"GET /api/blogs","service":"backend-api","timestamp":"2026-03-11 23:58:59"}
{"level":"info","message":"GET /api/blogs","service":"backend-api","timestamp":"2026-03-11 23:59:01"}
{"level":"info","message":"GET /api/blogs","service":"backend-api","timestamp":"2026-03-11 23:59:01"}
{"level":"info","message":"POST /api/blogs/3/like","service":"backend-api","timestamp":"2026-03-11 23:59:02"}
{"level":"info","message":"GET /api/blogs","service":"backend-api","timestamp":"2026-03-11 23:59:02"}
{"level":"info","message":"POST /api/blogs/3/comments","service":"backend-api","timestamp":"2026-03-11 23:59:04"}
{"level":"info","message":"GET /api/blogs","service":"backend-api","timestamp":"2026-03-11 23:59:04"}
{"level":"info","message":"GET /api/blogs","service":"backend-api","timestamp":"2026-03-11 23:59:06"}
{"level":"info","message":"GET /api/categories","service":"backend-api","timestamp":"2026-03-11 23:59:06"}
{"level":"info","message":"GET /api/users","service":"backend-api","timestamp":"2026-03-11 23:59:06"}
{"level":"info","message":"GET /api/blogs","service":"backend-api","timestamp":"2026-03-11 23:59:07"}
{"level":"info","message":"GET /api/categories","service":"backend-api","timestamp":"2026-03-11 23:59:07"}
{"level":"info","message":"Database connection pool established","service":"backend-api","timestamp":"2026-03-11 23:59:07"}
{"level":"info","message":"GET /api/users","service":"backend-api","timestamp":"2026-03-11 23:59:07"}
{"level":"info","message":"POST /api/products","service":"backend-api","timestamp":"2026-03-11 23:59:17"}
{"level":"info","message":"Database connection pool established","service":"backend-api","timestamp":"2026-03-11 23:59:17"}
{"level":"info","message":"New product added: asdsadsdad","service":"backend-api","timestamp":"2026-03-11 23:59:17"}
{"level":"info","message":"GET /api/products","service":"backend-api","timestamp":"2026-03-11 23:59:17"}
{"level":"info","message":"DELETE /api/products/1","service":"backend-api","timestamp":"2026-03-11 23:59:36"}
{"level":"info","message":"Database connection pool established","service":"backend-api","timestamp":"2026-03-11 23:59:36"}
{"level":"info","message":"Product 1 deleted","service":"backend-api","timestamp":"2026-03-11 23:59:36"}
{"level":"info","message":"GET /api/products","service":"backend-api","timestamp":"2026-03-11 23:59:36"}
{"level":"info","message":"GET /api/users","service":"backend-api","timestamp":"2026-03-12 00:00:40"}
{"level":"info","message":"GET /api/blogs","service":"backend-api","timestamp":"2026-03-12 00:00:40"}
{"level":"info","message":"GET /api/categories","service":"backend-api","timestamp":"2026-03-12 00:00:40"}
{"level":"info","message":"Database connection pool established","service":"backend-api","timestamp":"2026-03-12 00:00:40"}
{"level":"info","message":"Database connection pool established","service":"backend-api","timestamp":"2026-03-12 00:00:40"}
{"level":"info","message":"Database connection pool established","service":"backend-api","timestamp":"2026-03-12 00:00:40"}
{"level":"info","message":"GET /api/categories","service":"backend-api","timestamp":"2026-03-12 00:00:40"}
{"level":"info","message":"GET /api/users","service":"backend-api","timestamp":"2026-03-12 00:00:40"}
{"level":"info","message":"GET /api/blogs","service":"backend-api","timestamp":"2026-03-12 00:00:40"}
